<?xml version="1.0" ?>
<!DOCTYPE coverage SYSTEM "http://cobertura.sourceforge.net/xml/coverage-04.dtd">
<coverage lines-valid="63" lines-covered="59" line-rate="0.9365000000000001" branches-valid="39" branches-covered="39" branch-rate="1" timestamp="1715511121087" complexity="0" version="0.1">
  <sources>
    <source>C:\Users\jonar\Downloads\calculadoraTest\edp-calculadora</source>
  </sources>
  <packages>
    <package name="main" line-rate="0.9365000000000001" branch-rate="1">
      <classes>
        <class name="model.js" filename="js\model.js" line-rate="1" branch-rate="1">
          <methods>
            <method name="(anonymous_0)" hits="10" signature="()V">
              <lines>
                <line number="4" hits="10"/>
              </lines>
            </method>
            <method name="(anonymous_1)" hits="13" signature="()V">
              <lines>
                <line number="10" hits="13"/>
              </lines>
            </method>
            <method name="(anonymous_2)" hits="8" signature="()V">
              <lines>
                <line number="26" hits="8"/>
              </lines>
            </method>
            <method name="(anonymous_3)" hits="7" signature="()V">
              <lines>
                <line number="45" hits="7"/>
              </lines>
            </method>
            <method name="(anonymous_4)" hits="8" signature="()V">
              <lines>
                <line number="80" hits="8"/>
              </lines>
            </method>
          </methods>
          <lines>
            <line number="5" hits="10" branch="false"/>
            <line number="6" hits="10" branch="false"/>
            <line number="7" hits="10" branch="false"/>
            <line number="11" hits="13" branch="true" condition-coverage="100% (2/2)"/>
            <line number="12" hits="7" branch="true" condition-coverage="100% (2/2)"/>
            <line number="13" hits="6" branch="false"/>
            <line number="15" hits="1" branch="false"/>
            <line number="16" hits="7" branch="false"/>
            <line number="18" hits="6" branch="true" condition-coverage="100% (2/2)"/>
            <line number="19" hits="5" branch="false"/>
            <line number="21" hits="1" branch="false"/>
            <line number="22" hits="6" branch="false"/>
            <line number="27" hits="8" branch="true" condition-coverage="100% (2/2)"/>
            <line number="28" hits="4" branch="true" condition-coverage="100% (2/2)"/>
            <line number="29" hits="1" branch="false"/>
            <line number="30" hits="3" branch="true" condition-coverage="100% (2/2)"/>
            <line number="31" hits="1" branch="false"/>
            <line number="33" hits="4" branch="false"/>
            <line number="36" hits="4" branch="true" condition-coverage="100% (2/2)"/>
            <line number="37" hits="1" branch="false"/>
            <line number="38" hits="3" branch="true" condition-coverage="100% (2/2)"/>
            <line number="39" hits="1" branch="false"/>
            <line number="41" hits="4" branch="false"/>
            <line number="47" hits="7" branch="true" condition-coverage="100% (5/5)"/>
            <line number="48" hits="1" branch="false"/>
            <line number="49" hits="1" branch="false"/>
            <line number="50" hits="1" branch="false"/>
            <line number="54" hits="6" branch="true" condition-coverage="100% (5/5)"/>
            <line number="55" hits="1" branch="false"/>
            <line number="56" hits="1" branch="false"/>
            <line number="57" hits="1" branch="false"/>
            <line number="58" hits="1" branch="false"/>
            <line number="62" hits="5" branch="true" condition-coverage="100% (5/5)"/>
            <line number="63" hits="1" branch="false"/>
            <line number="64" hits="1" branch="false"/>
            <line number="65" hits="1" branch="false"/>
            <line number="66" hits="1" branch="false"/>
            <line number="69" hits="4" branch="false"/>
            <line number="70" hits="4" branch="false"/>
            <line number="72" hits="4" branch="false"/>
            <line number="74" hits="4" branch="false"/>
            <line number="75" hits="4" branch="false"/>
            <line number="76" hits="4" branch="false"/>
            <line number="77" hits="4" branch="false"/>
            <line number="81" hits="8" branch="false"/>
            <line number="82" hits="8" branch="false"/>
            <line number="83" hits="8" branch="false"/>
          </lines>
        </class>
        <class name="utils.js" filename="js\utils.js" line-rate="1" branch-rate="1">
          <methods>
            <method name="calculate" hits="11" signature="()V">
              <lines>
                <line number="1" hits="11"/>
              </lines>
            </method>
          </methods>
          <lines>
            <line number="2" hits="11" branch="true" condition-coverage="100% (2/2)"/>
            <line number="3" hits="2" branch="false"/>
            <line number="5" hits="9" branch="true" condition-coverage="100% (2/2)"/>
            <line number="6" hits="2" branch="false"/>
            <line number="8" hits="7" branch="true" condition-coverage="100% (2/2)"/>
            <line number="9" hits="2" branch="false"/>
            <line number="11" hits="5" branch="true" condition-coverage="100% (2/2)"/>
            <line number="12" hits="4" branch="false"/>
          </lines>
        </class>
        <class name="vista.js" filename="js\vista.js" line-rate="0.5" branch-rate="1">
          <methods>
            <method name="display" hits="5" signature="()V">
              <lines>
                <line number="5" hits="5"/>
              </lines>
            </method>
            <method name="set" hits="0" signature="()V">
              <lines>
                <line number="9" hits="0"/>
              </lines>
            </method>
            <method name="set_op" hits="0" signature="()V">
              <lines>
                <line number="13" hits="0"/>
              </lines>
            </method>
            <method name="set_point" hits="0" signature="()V">
              <lines>
                <line number="17" hits="0"/>
              </lines>
            </method>
            <method name="equal" hits="0" signature="()V">
              <lines>
                <line number="21" hits="0"/>
              </lines>
            </method>
            <method name="clr" hits="5" signature="()V">
              <lines>
                <line number="25" hits="5"/>
              </lines>
            </method>
          </methods>
          <lines>
            <line number="3" hits="1" branch="false"/>
            <line number="6" hits="5" branch="false"/>
            <line number="10" hits="0" branch="false"/>
            <line number="14" hits="0" branch="false"/>
            <line number="18" hits="0" branch="false"/>
            <line number="22" hits="0" branch="false"/>
            <line number="26" hits="5" branch="false"/>
            <line number="27" hits="5" branch="false"/>
          </lines>
        </class>
      </classes>
    </package>
  </packages>
</coverage>
